# JRE version: OpenJDK Runtime Environment Temurin-21.0.10+7 (21.0.10+7) (build 21.0.10+7-LTS)
# Java VM: OpenJDK 64-Bit Server VM Temurin-21.0.10+7 (21.0.10+7-LTS, mixed mode, sharing, tiered, compressed oops, compressed class ptrs, parallel gc, windows-amd64)
GC Precious Log:
 CardTable entry size: 512
 CPUs: 4 total, 4 available
 Memory: 16264M
 Large Page Support: Disabled
 NUMA Support: Disabled
 Compressed Oops: Enabled (32-bit)
 Alignments: Space 512K, Generation 512K, Heap 2M
 Heap Min Capacity: 100M
 Heap Initial Capacity: 100M
 Heap Max Capacity: 2G
 Pre-touch: Disabled
 Parallel Workers: 4
Heap:
 PSYoungGen      total 14848K, used 8512K [0x00000000d5580000, 0x00000000d6780000, 0x0000000100000000)
  eden space 11264K, 47% used [0x00000000d5580000,0x00000000d5ab5bd0,0x00000000d6080000)
  from space 3584K, 88% used [0x00000000d6180000,0x00000000d649a5d8,0x00000000d6500000)
  to   space 2560K, 0% used [0x00000000d6500000,0x00000000d6500000,0x00000000d6780000)
 ParOldGen       total 92672K, used 92457K [0x0000000080000000, 0x0000000085a80000, 0x00000000d5580000)
  object space 92672K, 99% used [0x0000000080000000,0x0000000085a4a7f0,0x0000000085a80000)
 Metaspace       used 48578K, committed 49728K, reserved 1114112K
  class space    used 4847K, committed 5376K, reserved 1048576K
GC Heap History (20 events):
Event: 853.554 GC heap before
{Heap before GC invocations=44 (full 2):
 PSYoungGen      total 15360K, used 15357K [0x00000000d5580000, 0x00000000d6b80000, 0x0000000100000000)
  eden space 12288K, 100% used [0x00000000d5580000,0x00000000d6180000,0x00000000d6180000)
  from space 3072K, 99% used [0x00000000d6180000,0x00000000d647f5f8,0x00000000d6480000)
  to   space 5120K, 0% used [0x00000000d6680000,0x00000000d6680000,0x00000000d6b80000)
 ParOldGen       total 70144K, used 69819K [0x0000000080000000, 0x0000000084480000, 0x00000000d5580000)
  object space 70144K, 99% used [0x0000000080000000,0x000000008442ee08,0x0000000084480000)
 Metaspace       used 47743K, committed 49024K, reserved 1114112K
  class space    used 4772K, committed 5312K, reserved 1048576K
}
Event: 853.559 GC heap after
{Heap after GC invocations=44 (full 2):
 PSYoungGen      total 14848K, used 2371K [0x00000000d5580000, 0x00000000d6900000, 0x0000000100000000)
  eden space 12288K, 0% used [0x00000000d5580000,0x00000000d5580000,0x00000000d6180000)
  from space 2560K, 92% used [0x00000000d6680000,0x00000000d68d0da0,0x00000000d6900000)
  to   space 3584K, 0% used [0x00000000d6200000,0x00000000d6200000,0x00000000d6580000)
 ParOldGen       total 73216K, used 72847K [0x0000000080000000, 0x0000000084780000, 0x00000000d5580000)
  object space 73216K, 99% used [0x0000000080000000,0x0000000084723f50,0x0000000084780000)
 Metaspace       used 47743K, committed 49024K, reserved 1114112K
  class space    used 4772K, committed 5312K, reserved 1048576K
}
Event: 859.362 GC heap before
{Heap before GC invocations=45 (full 2):
 PSYoungGen      total 14848K, used 14659K [0x00000000d5580000, 0x00000000d6900000, 0x0000000100000000)
  eden space 12288K, 100% used [0x00000000d5580000,0x00000000d6180000,0x00000000d6180000)
  from space 2560K, 92% used [0x00000000d6680000,0x00000000d68d0da0,0x00000000d6900000)
  to   space 3584K, 0% used [0x00000000d6200000,0x00000000d6200000,0x00000000d6580000)
 ParOldGen       total 73216K, used 72847K [0x0000000080000000, 0x0000000084780000, 0x00000000d5580000)
  object space 73216K, 99% used [0x0000000080000000,0x0000000084723f50,0x0000000084780000)
 Metaspace       used 47924K, committed 49152K, reserved 1114112K
  class space    used 4784K, committed 5312K, reserved 1048576K
}
Event: 859.365 GC heap after
{Heap after GC invocations=45 (full 2):
 PSYoungGen      total 15872K, used 786K [0x00000000d5580000, 0x00000000d6700000, 0x0000000100000000)
  eden space 12288K, 0% used [0x00000000d5580000,0x00000000d5580000,0x00000000d6180000)
  from space 3584K, 21% used [0x00000000d6200000,0x00000000d62c4840,0x00000000d6580000)
  to   space 1536K, 0% used [0x00000000d6580000,0x00000000d6580000,0x00000000d6700000)
 ParOldGen       total 75264K, used 75126K [0x0000000080000000, 0x0000000084980000, 0x00000000d5580000)
  object space 75264K, 99% used [0x0000000080000000,0x000000008495d818,0x0000000084980000)
 Metaspace       used 47924K, committed 49152K, reserved 1114112K
  class space    used 4784K, committed 5312K, reserved 1048576K
}
Event: 859.405 GC heap before
{Heap before GC invocations=46 (full 2):
 PSYoungGen      total 15872K, used 13074K [0x00000000d5580000, 0x00000000d6700000, 0x0000000100000000)
  eden space 12288K, 100% used [0x00000000d5580000,0x00000000d6180000,0x00000000d6180000)
  from space 3584K, 21% used [0x00000000d6200000,0x00000000d62c4840,0x00000000d6580000)
  to   space 1536K, 0% used [0x00000000d6580000,0x00000000d6580000,0x00000000d6700000)
 ParOldGen       total 75264K, used 75126K [0x0000000080000000, 0x0000000084980000, 0x00000000d5580000)
  object space 75264K, 99% used [0x0000000080000000,0x000000008495d818,0x0000000084980000)
 Metaspace       used 47925K, committed 49152K, reserved 1114112K
  class space    used 4784K, committed 5312K, reserved 1048576K
}
Event: 859.409 GC heap after
{Heap after GC invocations=46 (full 2):
 PSYoungGen      total 12800K, used 1532K [0x00000000d5580000, 0x00000000d6b80000, 0x0000000100000000)
  eden space 11264K, 0% used [0x00000000d5580000,0x00000000d5580000,0x00000000d6080000)
  from space 1536K, 99% used [0x00000000d6580000,0x00000000d66ff070,0x00000000d6700000)
  to   space 5120K, 0% used [0x00000000d6080000,0x00000000d6080000,0x00000000d6580000)
 ParOldGen       total 78336K, used 77900K [0x0000000080000000, 0x0000000084c80000, 0x00000000d5580000)
  object space 78336K, 99% used [0x0000000080000000,0x0000000084c13160,0x0000000084c80000)
 Metaspace       used 47925K, committed 49152K, reserved 1114112K
  class space    used 4784K, committed 5312K, reserved 1048576K
}
Event: 859.477 GC heap before
{Heap before GC invocations=47 (full 2):
 PSYoungGen      total 12800K, used 12796K [0x00000000d5580000, 0x00000000d6b80000, 0x0000000100000000)
  eden space 11264K, 100% used [0x00000000d5580000,0x00000000d6080000,0x00000000d6080000)
  from space 1536K, 99% used [0x00000000d6580000,0x00000000d66ff070,0x00000000d6700000)
  to   space 5120K, 0% used [0x00000000d6080000,0x00000000d6080000,0x00000000d6580000)
 ParOldGen       total 78336K, used 77900K [0x0000000080000000, 0x0000000084c80000, 0x00000000d5580000)
  object space 78336K, 99% used [0x0000000080000000,0x0000000084c13160,0x0000000084c80000)
 Metaspace       used 47925K, committed 49152K, reserved 1114112K
  class space    used 4784K, committed 5312K, reserved 1048576K
}
Event: 859.481 GC heap after
{Heap after GC invocations=47 (full 2):
 PSYoungGen      total 14848K, used 3159K [0x00000000d5580000, 0x00000000d6780000, 0x0000000100000000)
  eden space 11264K, 0% used [0x00000000d5580000,0x00000000d5580000,0x00000000d6080000)
  from space 3584K, 88% used [0x00000000d6080000,0x00000000d6395d88,0x00000000d6400000)
  to   space 3584K, 0% used [0x00000000d6400000,0x00000000d6400000,0x00000000d6780000)
 ParOldGen       total 79872K, used 79395K [0x0000000080000000, 0x0000000084e00000, 0x00000000d5580000)
  object space 79872K, 99% used [0x0000000080000000,0x0000000084d88e78,0x0000000084e00000)
 Metaspace       used 47925K, committed 49152K, reserved 1114112K
  class space    used 4784K, committed 5312K, reserved 1048576K
}
Event: 859.575 GC heap before
{Heap before GC invocations=48 (full 2):
 PSYoungGen      total 14848K, used 14423K [0x00000000d5580000, 0x00000000d6780000, 0x0000000100000000)
  eden space 11264K, 100% used [0x00000000d5580000,0x00000000d6080000,0x00000000d6080000)
  from space 3584K, 88% used [0x00000000d6080000,0x00000000d6395d88,0x00000000d6400000)
  to   space 3584K, 0% used [0x00000000d6400000,0x00000000d6400000,0x00000000d6780000)
 ParOldGen       total 79872K, used 79395K [0x0000000080000000, 0x0000000084e00000, 0x00000000d5580000)
  object space 79872K, 99% used [0x0000000080000000,0x0000000084d88e78,0x0000000084e00000)
 Metaspace       used 47951K, committed 49152K, reserved 1114112K
  class space    used 4784K, committed 5312K, reserved 1048576K
}
Event: 859.580 GC heap after
{Heap after GC invocations=48 (full 2):
 PSYoungGen      total 14848K, used 3001K [0x00000000d5580000, 0x00000000d6780000, 0x0000000100000000)
  eden space 11264K, 0% used [0x00000000d5580000,0x00000000d5580000,0x00000000d6080000)
  from space 3584K, 83% used [0x00000000d6400000,0x00000000d66ee6f8,0x00000000d6780000)
  to   space 3584K, 0% used [0x00000000d6080000,0x00000000d6080000,0x00000000d6400000)
 ParOldGen       total 82944K, used 82677K [0x0000000080000000, 0x0000000085100000, 0x00000000d5580000)
  object space 82944K, 99% used [0x0000000080000000,0x00000000850bd7a8,0x0000000085100000)
 Metaspace       used 47951K, committed 49152K, reserved 1114112K
  class space    used 4784K, committed 5312K, reserved 1048576K
}
Event: 860.696 GC heap before
{Heap before GC invocations=49 (full 2):
 PSYoungGen      total 14848K, used 14265K [0x00000000d5580000, 0x00000000d6780000, 0x0000000100000000)
  eden space 11264K, 100% used [0x00000000d5580000,0x00000000d6080000,0x00000000d6080000)
  from space 3584K, 83% used [0x00000000d6400000,0x00000000d66ee6f8,0x00000000d6780000)
  to   space 3584K, 0% used [0x00000000d6080000,0x00000000d6080000,0x00000000d6400000)
 ParOldGen       total 82944K, used 82677K [0x0000000080000000, 0x0000000085100000, 0x00000000d5580000)
  object space 82944K, 99% used [0x0000000080000000,0x00000000850bd7a8,0x0000000085100000)
 Metaspace       used 48461K, committed 49664K, reserved 1114112K
  class space    used 4846K, committed 5376K, reserved 1048576K
}
Event: 860.700 GC heap after
{Heap after GC invocations=49 (full 2):
 PSYoungGen      total 12288K, used 848K [0x00000000d5580000, 0x00000000d6480000, 0x0000000100000000)
  eden space 11264K, 0% used [0x00000000d5580000,0x00000000d5580000,0x00000000d6080000)
  from space 1024K, 82% used [0x00000000d6080000,0x00000000d6154010,0x00000000d6180000)
  to   space 2048K, 0% used [0x00000000d6280000,0x00000000d6280000,0x00000000d6480000)
 ParOldGen       total 85504K, used 85433K [0x0000000080000000, 0x0000000085380000, 0x00000000d5580000)
  object space 85504K, 99% used [0x0000000080000000,0x000000008536e7a0,0x0000000085380000)
 Metaspace       used 48461K, committed 49664K, reserved 1114112K
  class space    used 4846K, committed 5376K, reserved 1048576K
}
Event: 866.024 GC heap before
{Heap before GC invocations=50 (full 2):
 PSYoungGen      total 12288K, used 12112K [0x00000000d5580000, 0x00000000d6480000, 0x0000000100000000)
  eden space 11264K, 100% used [0x00000000d5580000,0x00000000d6080000,0x00000000d6080000)
  from space 1024K, 82% used [0x00000000d6080000,0x00000000d6154010,0x00000000d6180000)
  to   space 2048K, 0% used [0x00000000d6280000,0x00000000d6280000,0x00000000d6480000)
 ParOldGen       total 85504K, used 85433K [0x0000000080000000, 0x0000000085380000, 0x00000000d5580000)
  object space 85504K, 99% used [0x0000000080000000,0x000000008536e7a0,0x0000000085380000)
 Metaspace       used 48568K, committed 49728K, reserved 1114112K
  class space    used 4847K, committed 5376K, reserved 1048576K
}
Event: 866.026 GC heap after
{Heap after GC invocations=50 (full 2):
 PSYoungGen      total 12288K, used 840K [0x00000000d5580000, 0x00000000d6380000, 0x0000000100000000)
  eden space 11264K, 0% used [0x00000000d5580000,0x00000000d5580000,0x00000000d6080000)
  from space 1024K, 82% used [0x00000000d6280000,0x00000000d6352110,0x00000000d6380000)
  to   space 1024K, 0% used [0x00000000d6080000,0x00000000d6080000,0x00000000d6180000)
 ParOldGen       total 86016K, used 85546K [0x0000000080000000, 0x0000000085400000, 0x00000000d5580000)
  object space 86016K, 99% used [0x0000000080000000,0x000000008538aa90,0x0000000085400000)
 Metaspace       used 48568K, committed 49728K, reserved 1114112K
  class space    used 4847K, committed 5376K, reserved 1048576K
}
Event: 866.071 GC heap before
{Heap before GC invocations=51 (full 2):
 PSYoungGen      total 12288K, used 12104K [0x00000000d5580000, 0x00000000d6380000, 0x0000000100000000)
  eden space 11264K, 100% used [0x00000000d5580000,0x00000000d6080000,0x00000000d6080000)
  from space 1024K, 82% used [0x00000000d6280000,0x00000000d6352110,0x00000000d6380000)
  to   space 1024K, 0% used [0x00000000d6080000,0x00000000d6080000,0x00000000d6180000)
 ParOldGen       total 86016K, used 85546K [0x0000000080000000, 0x0000000085400000, 0x00000000d5580000)
  object space 86016K, 99% used [0x0000000080000000,0x000000008538aa90,0x0000000085400000)
 Metaspace       used 48568K, committed 49728K, reserved 1114112K
  class space    used 4847K, committed 5376K, reserved 1048576K
}
Event: 866.074 GC heap after
{Heap after GC invocations=51 (full 2):
 PSYoungGen      total 12288K, used 1008K [0x00000000d5580000, 0x00000000d6980000, 0x0000000100000000)
  eden space 11264K, 0% used [0x00000000d5580000,0x00000000d5580000,0x00000000d6080000)
  from space 1024K, 98% used [0x00000000d6080000,0x00000000d617c0d8,0x00000000d6180000)
  to   space 4608K, 0% used [0x00000000d6500000,0x00000000d6500000,0x00000000d6980000)
 ParOldGen       total 88576K, used 88282K [0x0000000080000000, 0x0000000085680000, 0x00000000d5580000)
  object space 88576K, 99% used [0x0000000080000000,0x0000000085636bf8,0x0000000085680000)
 Metaspace       used 48568K, committed 49728K, reserved 1114112K
  class space    used 4847K, committed 5376K, reserved 1048576K
}
Event: 866.122 GC heap before
{Heap before GC invocations=52 (full 2):
 PSYoungGen      total 12288K, used 12272K [0x00000000d5580000, 0x00000000d6980000, 0x0000000100000000)
  eden space 11264K, 100% used [0x00000000d5580000,0x00000000d6080000,0x00000000d6080000)
  from space 1024K, 98% used [0x00000000d6080000,0x00000000d617c0d8,0x00000000d6180000)
  to   space 4608K, 0% used [0x00000000d6500000,0x00000000d6500000,0x00000000d6980000)
 ParOldGen       total 88576K, used 88282K [0x0000000080000000, 0x0000000085680000, 0x00000000d5580000)
  object space 88576K, 99% used [0x0000000080000000,0x0000000085636bf8,0x0000000085680000)
 Metaspace       used 48568K, committed 49728K, reserved 1114112K
  class space    used 4847K, committed 5376K, reserved 1048576K
}
Event: 866.126 GC heap after
{Heap after GC invocations=52 (full 2):
 PSYoungGen      total 14848K, used 3214K [0x00000000d5580000, 0x00000000d6880000, 0x0000000100000000)
  eden space 11264K, 0% used [0x00000000d5580000,0x00000000d5580000,0x00000000d6080000)
  from space 3584K, 89% used [0x00000000d6500000,0x00000000d6823b90,0x00000000d6880000)
  to   space 3584K, 0% used [0x00000000d6180000,0x00000000d6180000,0x00000000d6500000)
 ParOldGen       total 89600K, used 89264K [0x0000000080000000, 0x0000000085780000, 0x00000000d5580000)
  object space 89600K, 99% used [0x0000000080000000,0x000000008572c078,0x0000000085780000)
 Metaspace       used 48568K, committed 49728K, reserved 1114112K
  class space    used 4847K, committed 5376K, reserved 1048576K
}
Event: 866.194 GC heap before
{Heap before GC invocations=53 (full 2):
 PSYoungGen      total 14848K, used 14478K [0x00000000d5580000, 0x00000000d6880000, 0x0000000100000000)
  eden space 11264K, 100% used [0x00000000d5580000,0x00000000d6080000,0x00000000d6080000)
  from space 3584K, 89% used [0x00000000d6500000,0x00000000d6823b90,0x00000000d6880000)
  to   space 3584K, 0% used [0x00000000d6180000,0x00000000d6180000,0x00000000d6500000)
 ParOldGen       total 89600K, used 89264K [0x0000000080000000, 0x0000000085780000, 0x00000000d5580000)
  object space 89600K, 99% used [0x0000000080000000,0x000000008572c078,0x0000000085780000)
 Metaspace       used 48568K, committed 49728K, reserved 1114112K
  class space    used 4847K, committed 5376K, reserved 1048576K
}
Event: 866.200 GC heap after
{Heap after GC invocations=53 (full 2):
 PSYoungGen      total 14848K, used 3177K [0x00000000d5580000, 0x00000000d6780000, 0x0000000100000000)
  eden space 11264K, 0% used [0x00000000d5580000,0x00000000d5580000,0x00000000d6080000)
  from space 3584K, 88% used [0x00000000d6180000,0x00000000d649a5d8,0x00000000d6500000)
  to   space 2560K, 0% used [0x00000000d6500000,0x00000000d6500000,0x00000000d6780000)
 ParOldGen       total 92672K, used 92457K [0x0000000080000000, 0x0000000085a80000, 0x00000000d5580000)
  object space 92672K, 99% used [0x0000000080000000,0x0000000085a4a7f0,0x0000000085a80000)
 Metaspace       used 48568K, committed 49728K, reserved 1114112K
  class space    used 4847K, committed 5376K, reserved 1048576K
}

